The Zookeeper wakes up the animals of the zoo.
Carl has woken up.
Cathy has woken up.
Lilly has woken up.
Liam has woken up.
Timothy has woken up.
Tina has woken up.
Donny has woken up.
Doug has woken up.
Wallace has woken up.
Willy has woken up.
Rhonda has woken up.
Ralph has woken up.
Evan has woken up.
Eric has woken up.
Harry has woken up.
Henry has woken up.
The Zookeeper does a roll call of all the animals.
Carl meows.
Cathy meows.
Lilly ROARS.
Liam ROARS.
Timothy ROARS.
Tina ROARS.
Donny borks.
Doug howls.
Wallace howls.
Willy borks.
Rhonda, the rhino makes a vocalization that sounds like 'roar'.
Ralph, the rhino makes a vocalization that sounds like 'roar'.
Evan, the elephant makes a vocalization that sounds like 'roar'.
Eric, the elephant makes a vocalization that sounds like 'roar'.
Harry, the hippo makes a vocalization that sounds like 'roar'.
Henry, the hippo makes a vocalization that sounds like 'roar'.
The Zookeeper feeds the animals of the zoo.
Carl is eating.
Cathy is eating.
Lilly is eating.
Liam is eating.
Timothy is eating.
Tina is eating.
Donny is eating.
Doug is eating.
Wallace is eating.
Willy is eating.
Rhonda is eating.
Ralph is eating.
Evan is eating.
Eric is eating.
Harry is eating.
Henry is eating.
The Zookeeper exercises the animals of the zoo.
Carl is exercising.
Cathy is exercising.
Lilly is exercising.
Liam is exercising.
Timothy is exercising.
Tina is exercising.
Donny is exercising.
Doug is exercising.
Wallace is exercising.
Willy is exercising.
Rhonda is exercising.
Ralph is exercising.
Evan is exercising.
Eric is exercising.
Harry is exercising.
Henry is exercising.
The Zookeeper starts to close the zoo. The animals are going to sleep.
Carl goes to sleep, Zzz.
Cathy goes to sleep, Zzz.
Lilly goes to sleep, Zzz.
Liam goes to sleep, Zzz.
Timothy goes to sleep, Zzz.
Tina goes to sleep, Zzz.
Donny goes to sleep, Zzz.
Doug goes to sleep, Zzz.
Wallace goes to sleep, Zzz.
Willy goes to sleep, Zzz.
Rhonda goes to sleep, Zzz.
Ralph goes to sleep, Zzz.
Evan goes to sleep, Zzz.
Eric goes to sleep, Zzz.
Harry goes to sleep, Zzz.
Henry goes to sleep, Zzz.
